#
# There is insufficient memory for the Java Runtime Environment to continue.
# Native memory allocation (malloc) failed to allocate 2688768 bytes for Chunk::new
# Possible reasons:
#   The system is out of physical RAM or swap space
#   The process is running with CompressedOops enabled, and the Java Heap may be blocking the growth of the native heap
# Possible solutions:
#   Reduce memory load on the system
#   Increase physical memory or swap space
#   Check if swap backing store is full
#   Decrease Java heap size (-Xmx/-Xms)
#   Decrease number of Java threads
#   Decrease Java thread stack sizes (-Xss)
#   Set larger code cache with -XX:ReservedCodeCacheSize=
#   JVM is running with Zero Based Compressed Oops mode in which the Java heap is
#     placed in the first 32GB address space. The Java Heap base address is the
#     maximum limit for the native heap growth. Please use -XX:HeapBaseMinAddress
#     to set the Java Heap base and to place the Java Heap above 32GB virtual address.
# This output file may be truncated or incomplete.
#
#  Out of Memory Error (arena.cpp:189), pid=14548, tid=23656
#
# JRE version: Java(TM) SE Runtime Environment (17.0.12+8) (build 17.0.12+8-LTS-286)
# Java VM: Java HotSpot(TM) 64-Bit Server VM (17.0.12+8-LTS-286, mixed mode, sharing, tiered, compressed oops, compressed class ptrs, g1 gc, windows-amd64)
# No core dump will be written. Minidumps are not enabled by default on client versions of Windows
#

---------------  S U M M A R Y ------------

Command Line: -agentlib:jdwp=transport=dt_socket,server=n,suspend=y,address=localhost:54539 -XX:+ShowCodeDetailsInExceptionMessages com.allsimple.config.ConfigApplication

Host: AMD Ryzen 5 5500U with Radeon Graphics         , 12 cores, 11G,  Windows 11 , 64 bit Build 22621 (10.0.22621.3672)
Time: Fri Aug  9 03:34:35 2024  Windows 11 , 64 bit Build 22621 (10.0.22621.3672) elapsed time: 2.706022 seconds (0d 0h 0m 2s)

---------------  T H R E A D  ---------------

Current thread (0x000001ab3d484070):  JavaThread "C2 CompilerThread1" daemon [_thread_in_native, id=23656, stack(0x000000a966100000,0x000000a966200000)]


Current CompileTask:
C2:   2706 2365       4       org.springframework.boot.context.properties.source.ConfigurationPropertyName$ElementsParser::parse (234 bytes)

Stack: [0x000000a966100000,0x000000a966200000]
Native frames: (J=compiled Java code, j=interpreted, Vv=VM code, C=native code)
V  [jvm.dll+0x67a04a]
V  [jvm.dll+0x7da4ed]
V  [jvm.dll+0x7dbe33]
V  [jvm.dll+0x7dc4a3]
V  [jvm.dll+0x24508f]
V  [jvm.dll+0xab773]
V  [jvm.dll+0xabd3c]
V  [jvm.dll+0x361bee]
V  [jvm.dll+0x1ba64a]
V  [jvm.dll+0x216997]
V  [jvm.dll+0x215c6f]
V  [jvm.dll+0x1a2960]
V  [jvm.dll+0x22610b]
V  [jvm.dll+0x2242ab]
V  [jvm.dll+0x79075c]
V  [jvm.dll+0x78abea]
V  [jvm.dll+0x678f35]
C  [ucrtbase.dll+0x29333]
C  [KERNEL32.DLL+0x1257d]
C  [ntdll.dll+0x5af28]


---------------  P R O C E S S  ---------------

Threads class SMR info:
_java_thread_list=0x000001ab06a3b6a0, length=18, elements={
0x000001ab1cb3c260, 0x000001ab3c915f00, 0x000001ab3c916d80, 0x000001ab3c930f50,
0x000001ab3c932b20, 0x000001ab3c9355f0, 0x000001ab3c935fb0, 0x000001ab3c938d60,
0x000001ab3c941730, 0x000001ab3c93eda0, 0x000001ab3d426e10, 0x000001ab3d42b2e0,
0x000001ab3d42b7d0, 0x000001ab3d42e5d0, 0x000001ab3d43bce0, 0x000001ab3d484070,
0x000001ab057c03b0, 0x000001ab04dda620
}

Java Threads: ( => current thread )
  0x000001ab1cb3c260 JavaThread "main" [_thread_blocked, id=23712, stack(0x000000a964b00000,0x000000a964c00000)]
  0x000001ab3c915f00 JavaThread "Reference Handler" daemon [_thread_blocked, id=3804, stack(0x000000a965200000,0x000000a965300000)]
  0x000001ab3c916d80 JavaThread "Finalizer" daemon [_thread_blocked, id=21288, stack(0x000000a965300000,0x000000a965400000)]
  0x000001ab3c930f50 JavaThread "Signal Dispatcher" daemon [_thread_blocked, id=15636, stack(0x000000a965400000,0x000000a965500000)]
  0x000001ab3c932b20 JavaThread "Attach Listener" daemon [_thread_blocked, id=18460, stack(0x000000a965500000,0x000000a965600000)]
  0x000001ab3c9355f0 JavaThread "Service Thread" daemon [_thread_blocked, id=29620, stack(0x000000a965600000,0x000000a965700000)]
  0x000001ab3c935fb0 JavaThread "Monitor Deflation Thread" daemon [_thread_blocked, id=8904, stack(0x000000a965700000,0x000000a965800000)]
  0x000001ab3c938d60 JavaThread "C2 CompilerThread0" daemon [_thread_in_native, id=13236, stack(0x000000a965800000,0x000000a965900000)]
  0x000001ab3c941730 JavaThread "C1 CompilerThread0" daemon [_thread_blocked, id=1144, stack(0x000000a965900000,0x000000a965a00000)]
  0x000001ab3c93eda0 JavaThread "Sweeper thread" daemon [_thread_blocked, id=24644, stack(0x000000a965a00000,0x000000a965b00000)]
  0x000001ab3d426e10 JavaThread "JDWP Transport Listener: dt_socket" daemon [_thread_blocked, id=23476, stack(0x000000a965b00000,0x000000a965c00000)]
  0x000001ab3d42b2e0 JavaThread "JDWP Event Helper Thread" daemon [_thread_blocked, id=22512, stack(0x000000a965c00000,0x000000a965d00000)]
  0x000001ab3d42b7d0 JavaThread "JDWP Command Reader" daemon [_thread_in_native, id=14708, stack(0x000000a965d00000,0x000000a965e00000)]
  0x000001ab3d42e5d0 JavaThread "Notification Thread" daemon [_thread_blocked, id=25464, stack(0x000000a965e00000,0x000000a965f00000)]
  0x000001ab3d43bce0 JavaThread "Common-Cleaner" daemon [_thread_blocked, id=18644, stack(0x000000a966000000,0x000000a966100000)]
=>0x000001ab3d484070 JavaThread "C2 CompilerThread1" daemon [_thread_in_native, id=23656, stack(0x000000a966100000,0x000000a966200000)]
  0x000001ab057c03b0 JavaThread "C2 CompilerThread2" daemon [_thread_in_native, id=17652, stack(0x000000a966c00000,0x000000a966d00000)]
  0x000001ab04dda620 JavaThread "Thread-2" [_thread_in_native, id=31060, stack(0x000000a966700000,0x000000a966800000)]

Other Threads:
  0x000001ab3c90eed0 VMThread "VM Thread" [stack: 0x000000a965100000,0x000000a965200000] [id=21552]
  0x000001ab3d3fb180 WatcherThread [stack: 0x000000a965f00000,0x000000a966000000] [id=24456]
  0x000001ab1cb99630 GCTaskThread "GC Thread#0" [stack: 0x000000a964c00000,0x000000a964d00000] [id=32204]
  0x000001ab044fc240 GCTaskThread "GC Thread#1" [stack: 0x000000a966200000,0x000000a966300000] [id=29684]
  0x000001ab044fc500 GCTaskThread "GC Thread#2" [stack: 0x000000a966300000,0x000000a966400000] [id=9760]
  0x000001ab044fc7c0 GCTaskThread "GC Thread#3" [stack: 0x000000a966400000,0x000000a966500000] [id=31916]
  0x000001ab043a9930 GCTaskThread "GC Thread#4" [stack: 0x000000a966500000,0x000000a966600000] [id=24240]
  0x000001ab0451c480 GCTaskThread "GC Thread#5" [stack: 0x000000a966600000,0x000000a966700000] [id=16936]
  0x000001ab0558de70 GCTaskThread "GC Thread#6" [stack: 0x000000a966800000,0x000000a966900000] [id=23776]
  0x000001ab0468b410 GCTaskThread "GC Thread#7" [stack: 0x000000a966900000,0x000000a966a00000] [id=8548]
  0x000001ab045e75d0 GCTaskThread "GC Thread#8" [stack: 0x000000a966a00000,0x000000a966b00000] [id=24656]
  0x000001ab0592fd60 GCTaskThread "GC Thread#9" [stack: 0x000000a966b00000,0x000000a966c00000] [id=408]
  0x000001ab1cba6b50 ConcurrentGCThread "G1 Main Marker" [stack: 0x000000a964d00000,0x000000a964e00000] [id=29052]
  0x000001ab1cba7560 ConcurrentGCThread "G1 Conc#0" [stack: 0x000000a964e00000,0x000000a964f00000] [id=26376]
  0x000001ab1cbe3260 ConcurrentGCThread "G1 Refine#0" [stack: 0x000000a964f00000,0x000000a965000000] [id=11140]
  0x000001ab1cbe3aa0 ConcurrentGCThread "G1 Service" [stack: 0x000000a965000000,0x000000a965100000] [id=30360]

Threads with active compile tasks:
C2 CompilerThread0     2733 2862       4       java.io.WinNTFileSystem::normalize (224 bytes)
C2 CompilerThread1     2733 2365       4       org.springframework.boot.context.properties.source.ConfigurationPropertyName$ElementsParser::parse (234 bytes)
C2 CompilerThread2     2733 2339       4       java.lang.invoke.MethodType::makeImpl (109 bytes)

VM state: not at safepoint (normal execution)

VM Mutex/Monitor currently owned by a thread: None

Heap address: 0x000000074a400000, size: 2908 MB, Compressed Oops mode: Zero based, Oop shift amount: 3

CDS archive(s) mapped at: [0x000001ab3e000000-0x000001ab3ebd0000-0x000001ab3ebd0000), size 12386304, SharedBaseAddress: 0x000001ab3e000000, ArchiveRelocationMode: 1.
Compressed class space mapped at: 0x000001ab3f000000-0x000001ab7f000000, reserved size: 1073741824
Narrow klass base: 0x000001ab3e000000, Narrow klass shift: 0, Narrow klass range: 0x100000000

GC Precious Log:
 CPUs: 12 total, 12 available
 Memory: 11628M
 Large Page Support: Disabled
 NUMA Support: Disabled
 Compressed Oops: Enabled (Zero based)
 Heap Region Size: 2M
 Heap Min Capacity: 8M
 Heap Initial Capacity: 182M
 Heap Max Capacity: 2908M
 Pre-touch: Disabled
 Parallel Workers: 10
 Concurrent Workers: 3
 Concurrent Refinement Workers: 10
 Periodic GC: Disabled

Heap:
 garbage-first heap   total 186368K, used 26510K [0x000000074a400000, 0x0000000800000000)
  region size 2048K, 11 young (22528K), 3 survivors (6144K)
 Metaspace       used 21049K, committed 21312K, reserved 1114112K
  class space    used 2679K, committed 2816K, reserved 1048576K

Heap Regions: E=young(eden), S=young(survivor), O=old, HS=humongous(starts), HC=humongous(continues), CS=collection set, F=free, OA=open archive, CA=closed archive, TAMS=top-at-mark-start (previous, next)
|   0|0x000000074a400000, 0x000000074a600000, 0x000000074a600000|100%| O|  |TAMS 0x000000074a400000, 0x000000074a400000| Untracked 
|   1|0x000000074a600000, 0x000000074a800000, 0x000000074a800000|100%| O|  |TAMS 0x000000074a600000, 0x000000074a600000| Untracked 
|   2|0x000000074a800000, 0x000000074aa00000, 0x000000074aa00000|100%| O|  |TAMS 0x000000074a800000, 0x000000074a800000| Untracked 
|   3|0x000000074aa00000, 0x000000074aadd400, 0x000000074ac00000| 43%| O|  |TAMS 0x000000074aa00000, 0x000000074aa00000| Untracked 
|   4|0x000000074ac00000, 0x000000074ac00000, 0x000000074ae00000|  0%| F|  |TAMS 0x000000074ac00000, 0x000000074ac00000| Untracked 
|   5|0x000000074ae00000, 0x000000074ae00000, 0x000000074b000000|  0%| F|  |TAMS 0x000000074ae00000, 0x000000074ae00000| Untracked 
|   6|0x000000074b000000, 0x000000074b000000, 0x000000074b200000|  0%| F|  |TAMS 0x000000074b000000, 0x000000074b000000| Untracked 
|   7|0x000000074b200000, 0x000000074b200000, 0x000000074b400000|  0%| F|  |TAMS 0x000000074b200000, 0x000000074b200000| Untracked 
|   8|0x000000074b400000, 0x000000074b400000, 0x000000074b600000|  0%| F|  |TAMS 0x000000074b400000, 0x000000074b400000| Untracked 
|   9|0x000000074b600000, 0x000000074b600000, 0x000000074b800000|  0%| F|  |TAMS 0x000000074b600000, 0x000000074b600000| Untracked 
|  10|0x000000074b800000, 0x000000074b800000, 0x000000074ba00000|  0%| F|  |TAMS 0x000000074b800000, 0x000000074b800000| Untracked 
|  11|0x000000074ba00000, 0x000000074ba00000, 0x000000074bc00000|  0%| F|  |TAMS 0x000000074ba00000, 0x000000074ba00000| Untracked 
|  12|0x000000074bc00000, 0x000000074bc00000, 0x000000074be00000|  0%| F|  |TAMS 0x000000074bc00000, 0x000000074bc00000| Untracked 
|  13|0x000000074be00000, 0x000000074be00000, 0x000000074c000000|  0%| F|  |TAMS 0x000000074be00000, 0x000000074be00000| Untracked 
|  14|0x000000074c000000, 0x000000074c000000, 0x000000074c200000|  0%| F|  |TAMS 0x000000074c000000, 0x000000074c000000| Untracked 
|  15|0x000000074c200000, 0x000000074c200000, 0x000000074c400000|  0%| F|  |TAMS 0x000000074c200000, 0x000000074c200000| Untracked 
|  16|0x000000074c400000, 0x000000074c400000, 0x000000074c600000|  0%| F|  |TAMS 0x000000074c400000, 0x000000074c400000| Untracked 
|  17|0x000000074c600000, 0x000000074c600000, 0x000000074c800000|  0%| F|  |TAMS 0x000000074c600000, 0x000000074c600000| Untracked 
|  18|0x000000074c800000, 0x000000074c800000, 0x000000074ca00000|  0%| F|  |TAMS 0x000000074c800000, 0x000000074c800000| Untracked 
|  19|0x000000074ca00000, 0x000000074ca00000, 0x000000074cc00000|  0%| F|  |TAMS 0x000000074ca00000, 0x000000074ca00000| Untracked 
|  20|0x000000074cc00000, 0x000000074cc00000, 0x000000074ce00000|  0%| F|  |TAMS 0x000000074cc00000, 0x000000074cc00000| Untracked 
|  21|0x000000074ce00000, 0x000000074ce00000, 0x000000074d000000|  0%| F|  |TAMS 0x000000074ce00000, 0x000000074ce00000| Untracked 
|  22|0x000000074d000000, 0x000000074d000000, 0x000000074d200000|  0%| F|  |TAMS 0x000000074d000000, 0x000000074d000000| Untracked 
|  23|0x000000074d200000, 0x000000074d200000, 0x000000074d400000|  0%| F|  |TAMS 0x000000074d200000, 0x000000074d200000| Untracked 
|  24|0x000000074d400000, 0x000000074d400000, 0x000000074d600000|  0%| F|  |TAMS 0x000000074d400000, 0x000000074d400000| Untracked 
|  25|0x000000074d600000, 0x000000074d600000, 0x000000074d800000|  0%| F|  |TAMS 0x000000074d600000, 0x000000074d600000| Untracked 
|  26|0x000000074d800000, 0x000000074d800000, 0x000000074da00000|  0%| F|  |TAMS 0x000000074d800000, 0x000000074d800000| Untracked 
|  27|0x000000074da00000, 0x000000074da00000, 0x000000074dc00000|  0%| F|  |TAMS 0x000000074da00000, 0x000000074da00000| Untracked 
|  28|0x000000074dc00000, 0x000000074dc00000, 0x000000074de00000|  0%| F|  |TAMS 0x000000074dc00000, 0x000000074dc00000| Untracked 
|  29|0x000000074de00000, 0x000000074de00000, 0x000000074e000000|  0%| F|  |TAMS 0x000000074de00000, 0x000000074de00000| Untracked 
|  30|0x000000074e000000, 0x000000074e000000, 0x000000074e200000|  0%| F|  |TAMS 0x000000074e000000, 0x000000074e000000| Untracked 
|  31|0x000000074e200000, 0x000000074e200000, 0x000000074e400000|  0%| F|  |TAMS 0x000000074e200000, 0x000000074e200000| Untracked 
|  32|0x000000074e400000, 0x000000074e400000, 0x000000074e600000|  0%| F|  |TAMS 0x000000074e400000, 0x000000074e400000| Untracked 
|  33|0x000000074e600000, 0x000000074e600000, 0x000000074e800000|  0%| F|  |TAMS 0x000000074e600000, 0x000000074e600000| Untracked 
|  34|0x000000074e800000, 0x000000074e800000, 0x000000074ea00000|  0%| F|  |TAMS 0x000000074e800000, 0x000000074e800000| Untracked 
|  35|0x000000074ea00000, 0x000000074ea00000, 0x000000074ec00000|  0%| F|  |TAMS 0x000000074ea00000, 0x000000074ea00000| Untracked 
|  36|0x000000074ec00000, 0x000000074ec00000, 0x000000074ee00000|  0%| F|  |TAMS 0x000000074ec00000, 0x000000074ec00000| Untracked 
|  37|0x000000074ee00000, 0x000000074ee00000, 0x000000074f000000|  0%| F|  |TAMS 0x000000074ee00000, 0x000000074ee00000| Untracked 
|  38|0x000000074f000000, 0x000000074f000000, 0x000000074f200000|  0%| F|  |TAMS 0x000000074f000000, 0x000000074f000000| Untracked 
|  39|0x000000074f200000, 0x000000074f200000, 0x000000074f400000|  0%| F|  |TAMS 0x000000074f200000, 0x000000074f200000| Untracked 
|  40|0x000000074f400000, 0x000000074f400000, 0x000000074f600000|  0%| F|  |TAMS 0x000000074f400000, 0x000000074f400000| Untracked 
|  41|0x000000074f600000, 0x000000074f600000, 0x000000074f800000|  0%| F|  |TAMS 0x000000074f600000, 0x000000074f600000| Untracked 
|  42|0x000000074f800000, 0x000000074f800000, 0x000000074fa00000|  0%| F|  |TAMS 0x000000074f800000, 0x000000074f800000| Untracked 
|  43|0x000000074fa00000, 0x000000074fa00000, 0x000000074fc00000|  0%| F|  |TAMS 0x000000074fa00000, 0x000000074fa00000| Untracked 
|  44|0x000000074fc00000, 0x000000074fc00000, 0x000000074fe00000|  0%| F|  |TAMS 0x000000074fc00000, 0x000000074fc00000| Untracked 
|  45|0x000000074fe00000, 0x000000074fe00000, 0x0000000750000000|  0%| F|  |TAMS 0x000000074fe00000, 0x000000074fe00000| Untracked 
|  46|0x0000000750000000, 0x0000000750000000, 0x0000000750200000|  0%| F|  |TAMS 0x0000000750000000, 0x0000000750000000| Untracked 
|  47|0x0000000750200000, 0x0000000750200000, 0x0000000750400000|  0%| F|  |TAMS 0x0000000750200000, 0x0000000750200000| Untracked 
|  48|0x0000000750400000, 0x0000000750400000, 0x0000000750600000|  0%| F|  |TAMS 0x0000000750400000, 0x0000000750400000| Untracked 
|  49|0x0000000750600000, 0x0000000750600000, 0x0000000750800000|  0%| F|  |TAMS 0x0000000750600000, 0x0000000750600000| Untracked 
|  50|0x0000000750800000, 0x0000000750800000, 0x0000000750a00000|  0%| F|  |TAMS 0x0000000750800000, 0x0000000750800000| Untracked 
|  51|0x0000000750a00000, 0x0000000750a00000, 0x0000000750c00000|  0%| F|  |TAMS 0x0000000750a00000, 0x0000000750a00000| Untracked 
|  52|0x0000000750c00000, 0x0000000750c00000, 0x0000000750e00000|  0%| F|  |TAMS 0x0000000750c00000, 0x0000000750c00000| Untracked 
|  53|0x0000000750e00000, 0x0000000750e00000, 0x0000000751000000|  0%| F|  |TAMS 0x0000000750e00000, 0x0000000750e00000| Untracked 
|  54|0x0000000751000000, 0x0000000751000000, 0x0000000751200000|  0%| F|  |TAMS 0x0000000751000000, 0x0000000751000000| Untracked 
|  55|0x0000000751200000, 0x0000000751200000, 0x0000000751400000|  0%| F|  |TAMS 0x0000000751200000, 0x0000000751200000| Untracked 
|  56|0x0000000751400000, 0x0000000751400000, 0x0000000751600000|  0%| F|  |TAMS 0x0000000751400000, 0x0000000751400000| Untracked 
|  57|0x0000000751600000, 0x0000000751600000, 0x0000000751800000|  0%| F|  |TAMS 0x0000000751600000, 0x0000000751600000| Untracked 
|  58|0x0000000751800000, 0x0000000751800000, 0x0000000751a00000|  0%| F|  |TAMS 0x0000000751800000, 0x0000000751800000| Untracked 
|  59|0x0000000751a00000, 0x0000000751a00000, 0x0000000751c00000|  0%| F|  |TAMS 0x0000000751a00000, 0x0000000751a00000| Untracked 
|  60|0x0000000751c00000, 0x0000000751c00000, 0x0000000751e00000|  0%| F|  |TAMS 0x0000000751c00000, 0x0000000751c00000| Untracked 
|  61|0x0000000751e00000, 0x0000000751e00000, 0x0000000752000000|  0%| F|  |TAMS 0x0000000751e00000, 0x0000000751e00000| Untracked 
|  62|0x0000000752000000, 0x0000000752000000, 0x0000000752200000|  0%| F|  |TAMS 0x0000000752000000, 0x0000000752000000| Untracked 
|  63|0x0000000752200000, 0x00000007523066e0, 0x0000000752400000| 51%| S|CS|TAMS 0x0000000752200000, 0x0000000752200000| Complete 
|  64|0x0000000752400000, 0x0000000752600000, 0x0000000752600000|100%| S|CS|TAMS 0x0000000752400000, 0x0000000752400000| Complete 
|  65|0x0000000752600000, 0x0000000752800000, 0x0000000752800000|100%| S|CS|TAMS 0x0000000752600000, 0x0000000752600000| Complete 
|  66|0x0000000752800000, 0x0000000752800000, 0x0000000752a00000|  0%| F|  |TAMS 0x0000000752800000, 0x0000000752800000| Untracked 
|  67|0x0000000752a00000, 0x0000000752a00000, 0x0000000752c00000|  0%| F|  |TAMS 0x0000000752a00000, 0x0000000752a00000| Untracked 
|  68|0x0000000752c00000, 0x0000000752c00000, 0x0000000752e00000|  0%| F|  |TAMS 0x0000000752c00000, 0x0000000752c00000| Untracked 
|  69|0x0000000752e00000, 0x0000000752e00000, 0x0000000753000000|  0%| F|  |TAMS 0x0000000752e00000, 0x0000000752e00000| Untracked 
|  70|0x0000000753000000, 0x0000000753000000, 0x0000000753200000|  0%| F|  |TAMS 0x0000000753000000, 0x0000000753000000| Untracked 
|  71|0x0000000753200000, 0x0000000753200000, 0x0000000753400000|  0%| F|  |TAMS 0x0000000753200000, 0x0000000753200000| Untracked 
|  72|0x0000000753400000, 0x0000000753400000, 0x0000000753600000|  0%| F|  |TAMS 0x0000000753400000, 0x0000000753400000| Untracked 
|  73|0x0000000753600000, 0x0000000753600000, 0x0000000753800000|  0%| F|  |TAMS 0x0000000753600000, 0x0000000753600000| Untracked 
|  74|0x0000000753800000, 0x0000000753800000, 0x0000000753a00000|  0%| F|  |TAMS 0x0000000753800000, 0x0000000753800000| Untracked 
|  75|0x0000000753a00000, 0x0000000753a00000, 0x0000000753c00000|  0%| F|  |TAMS 0x0000000753a00000, 0x0000000753a00000| Untracked 
|  76|0x0000000753c00000, 0x0000000753c00000, 0x0000000753e00000|  0%| F|  |TAMS 0x0000000753c00000, 0x0000000753c00000| Untracked 
|  77|0x0000000753e00000, 0x0000000753e00000, 0x0000000754000000|  0%| F|  |TAMS 0x0000000753e00000, 0x0000000753e00000| Untracked 
|  78|0x0000000754000000, 0x0000000754000000, 0x0000000754200000|  0%| F|  |TAMS 0x0000000754000000, 0x0000000754000000| Untracked 
|  79|0x0000000754200000, 0x0000000754200000, 0x0000000754400000|  0%| F|  |TAMS 0x0000000754200000, 0x0000000754200000| Untracked 
|  80|0x0000000754400000, 0x0000000754400000, 0x0000000754600000|  0%| F|  |TAMS 0x0000000754400000, 0x0000000754400000| Untracked 
|  81|0x0000000754600000, 0x0000000754600000, 0x0000000754800000|  0%| F|  |TAMS 0x0000000754600000, 0x0000000754600000| Untracked 
|  82|0x0000000754800000, 0x0000000754800000, 0x0000000754a00000|  0%| F|  |TAMS 0x0000000754800000, 0x0000000754800000| Untracked 
|  83|0x0000000754a00000, 0x0000000754ab2188, 0x0000000754c00000| 34%| E|  |TAMS 0x0000000754a00000, 0x0000000754a00000| Complete 
|  84|0x0000000754c00000, 0x0000000754e00000, 0x0000000754e00000|100%| E|CS|TAMS 0x0000000754c00000, 0x0000000754c00000| Complete 
|  85|0x0000000754e00000, 0x0000000755000000, 0x0000000755000000|100%| E|CS|TAMS 0x0000000754e00000, 0x0000000754e00000| Complete 
|  86|0x0000000755000000, 0x0000000755200000, 0x0000000755200000|100%| E|CS|TAMS 0x0000000755000000, 0x0000000755000000| Complete 
|  87|0x0000000755200000, 0x0000000755400000, 0x0000000755400000|100%| E|CS|TAMS 0x0000000755200000, 0x0000000755200000| Complete 
|  88|0x0000000755400000, 0x0000000755600000, 0x0000000755600000|100%| E|CS|TAMS 0x0000000755400000, 0x0000000755400000| Complete 
|  89|0x0000000755600000, 0x0000000755800000, 0x0000000755800000|100%| E|CS|TAMS 0x0000000755600000, 0x0000000755600000| Complete 
|  90|0x0000000755800000, 0x0000000755a00000, 0x0000000755a00000|100%| E|CS|TAMS 0x0000000755800000, 0x0000000755800000| Complete 

Card table byte_map: [0x000001ab33ee0000,0x000001ab34490000] _byte_map_base: 0x000001ab3048e000

Marking Bits (Prev, Next): (CMBitMap*) 0x000001ab1cb9ac60, (CMBitMap*) 0x000001ab1cb9aca0
 Prev Bits: [0x000001ab34a40000, 0x000001ab377b0000)
 Next Bits: [0x000001ab377b0000, 0x000001ab3a520000)

Polling page: 0x000001ab1aac0000

Metaspace:

Usage:
  Non-class:     17.95 MB used.
      Class:      2.62 MB used.
       Both:     20.57 MB used.

Virtual space:
  Non-class space:       64.00 MB reserved,      18.12 MB ( 28%) committed,  1 nodes.
      Class space:        1.00 GB reserved,       2.75 MB ( <1%) committed,  1 nodes.
             Both:        1.06 GB reserved,      20.88 MB (  2%) committed. 

Chunk freelists:
   Non-Class:  13.73 MB
       Class:  13.09 MB
        Both:  26.83 MB

MaxMetaspaceSize: unlimited
CompressedClassSpaceSize: 1.00 GB
Initial GC threshold: 21.00 MB
Current GC threshold: 21.00 MB
CDS: on
MetaspaceReclaimPolicy: balanced
 - commit_granule_bytes: 65536.
 - commit_granule_words: 8192.
 - virtual_space_node_default_size: 8388608.
 - enlarge_chunks_in_place: 1.
 - new_chunks_are_fully_committed: 0.
 - uncommit_free_chunks: 1.
 - use_allocation_guard: 0.
 - handle_deallocations: 1.


Internal statistics:

num_allocs_failed_limit: 0.
num_arena_births: 308.
num_arena_deaths: 0.
num_vsnodes_births: 2.
num_vsnodes_deaths: 0.
num_space_committed: 334.
num_space_uncommitted: 0.
num_chunks_returned_to_freelist: 0.
num_chunks_taken_from_freelist: 1059.
num_chunk_merges: 0.
num_chunk_splits: 708.
num_chunks_enlarged: 535.
num_inconsistent_stats: 0.

CodeHeap 'non-profiled nmethods': size=120000Kb used=1269Kb max_used=1269Kb free=118730Kb
 bounds [0x000001ab2beb0000, 0x000001ab2c120000, 0x000001ab333e0000]
CodeHeap 'profiled nmethods': size=120000Kb used=6010Kb max_used=6010Kb free=113989Kb
 bounds [0x000001ab243e0000, 0x000001ab249c0000, 0x000001ab2b910000]
CodeHeap 'non-nmethods': size=5760Kb used=1275Kb max_used=1302Kb free=4484Kb
 bounds [0x000001ab2b910000, 0x000001ab2bb80000, 0x000001ab2beb0000]
 total_blobs=3381 nmethods=2871 adapters=422
 compilation: enabled
              stopped_count=0, restarted_count=0
 full_count=0

Compilation events (20 events):
Event: 2.684 Thread 0x000001ab3c938d60 2854       4       org.springframework.util.ConcurrentReferenceHashMap::getHash (64 bytes)
Event: 2.684 Thread 0x000001ab3c941730 2861       3       java.io.BufferedReader::readLine (7 bytes)
Event: 2.685 Thread 0x000001ab3c941730 nmethod 2861 0x000001ab249abd10 code [0x000001ab249abec0, 0x000001ab249ac0a8]
Event: 2.685 Thread 0x000001ab3c941730 2860       3       org.springframework.boot.context.annotation.ImportCandidates::stripComment (21 bytes)
Event: 2.685 Thread 0x000001ab3c941730 nmethod 2860 0x000001ab249ac190 code [0x000001ab249ac340, 0x000001ab249ac538]
Event: 2.685 Thread 0x000001ab3c941730 2864       3       java.nio.CharBuffer::arrayOffset (35 bytes)
Event: 2.685 Thread 0x000001ab3c941730 nmethod 2864 0x000001ab249ac610 code [0x000001ab249ac7e0, 0x000001ab249acad8]
Event: 2.685 Thread 0x000001ab3c938d60 nmethod 2854 0x000001ab2bfecf90 code [0x000001ab2bfed120, 0x000001ab2bfed278]
Event: 2.685 Thread 0x000001ab3c938d60 2863       4       java.io.WinNTFileSystem::isSlash (18 bytes)
Event: 2.685 Thread 0x000001ab3c938d60 nmethod 2863 0x000001ab2bfed390 code [0x000001ab2bfed500, 0x000001ab2bfed598]
Event: 2.686 Thread 0x000001ab3c938d60 2862       4       java.io.WinNTFileSystem::normalize (224 bytes)
Event: 2.686 Thread 0x000001ab3c941730 2867       3       org.springframework.util.MultiValueMapAdapter::isEmpty (10 bytes)
Event: 2.686 Thread 0x000001ab3c941730 nmethod 2867 0x000001ab249acc10 code [0x000001ab249acdc0, 0x000001ab249acfa8]
Event: 2.687 Thread 0x000001ab3c941730 2869       3       org.springframework.util.Assert::isTrue (17 bytes)
Event: 2.688 Thread 0x000001ab3c941730 nmethod 2869 0x000001ab249ad090 code [0x000001ab249ad260, 0x000001ab249ad6d8]
Event: 2.697 Thread 0x000001ab3c941730 2872 %     3       java.util.Properties::load0 @ 29 (249 bytes)
Event: 2.698 Thread 0x000001ab3c941730 nmethod 2872% 0x000001ab249ad890 code [0x000001ab249adae0, 0x000001ab249ae688]
Event: 2.698 Thread 0x000001ab3c941730 2873       3       java.util.Properties::load0 (249 bytes)
Event: 2.699 Thread 0x000001ab3c941730 nmethod 2873 0x000001ab249aea90 code [0x000001ab249aecc0, 0x000001ab249af708]
Event: 2.699 Thread 0x000001ab3c941730 2874   !   3       sun.net.www.ParseUtil::decode (317 bytes)

GC Heap History (6 events):
Event: 0.904 GC heap before
{Heap before GC invocations=0 (full 0):
 garbage-first heap   total 186368K, used 22528K [0x000000074a400000, 0x0000000800000000)
  region size 2048K, 11 young (22528K), 0 survivors (0K)
 Metaspace       used 4408K, committed 4672K, reserved 1114112K
  class space    used 490K, committed 640K, reserved 1048576K
}
Event: 0.909 GC heap after
{Heap after GC invocations=1 (full 0):
 garbage-first heap   total 186368K, used 6955K [0x000000074a400000, 0x0000000800000000)
  region size 2048K, 2 young (4096K), 2 survivors (4096K)
 Metaspace       used 4408K, committed 4672K, reserved 1114112K
  class space    used 490K, committed 640K, reserved 1048576K
}
Event: 1.549 GC heap before
{Heap before GC invocations=1 (full 0):
 garbage-first heap   total 186368K, used 29483K [0x000000074a400000, 0x0000000800000000)
  region size 2048K, 13 young (26624K), 2 survivors (4096K)
 Metaspace       used 9039K, committed 9280K, reserved 1114112K
  class space    used 1143K, committed 1216K, reserved 1048576K
}
Event: 1.555 GC heap after
{Heap after GC invocations=2 (full 0):
 garbage-first heap   total 186368K, used 8977K [0x000000074a400000, 0x0000000800000000)
  region size 2048K, 1 young (2048K), 1 survivors (2048K)
 Metaspace       used 9039K, committed 9280K, reserved 1114112K
  class space    used 1143K, committed 1216K, reserved 1048576K
}
Event: 2.234 GC heap before
{Heap before GC invocations=2 (full 0):
 garbage-first heap   total 186368K, used 56081K [0x000000074a400000, 0x0000000800000000)
  region size 2048K, 25 young (51200K), 1 survivors (2048K)
 Metaspace       used 19148K, committed 19392K, reserved 1114112K
  class space    used 2447K, committed 2560K, reserved 1048576K
}
Event: 2.240 GC heap after
{Heap after GC invocations=3 (full 0):
 garbage-first heap   total 186368K, used 12174K [0x000000074a400000, 0x0000000800000000)
  region size 2048K, 3 young (6144K), 3 survivors (6144K)
 Metaspace       used 19148K, committed 19392K, reserved 1114112K
  class space    used 2447K, committed 2560K, reserved 1048576K
}

Deoptimization events (20 events):
Event: 2.650 Thread 0x000001ab1cb3c260 DEOPT PACKING pc=0x000001ab2bed1f80 sp=0x000000a964bfdf90
Event: 2.650 Thread 0x000001ab1cb3c260 DEOPT UNPACKING pc=0x000001ab2b9623a3 sp=0x000000a964bfdf28 mode 2
Event: 2.652 Thread 0x000001ab1cb3c260 Uncommon trap: trap_request=0xffffff45 fr.pc=0x000001ab2bebb8c0 relative=0x0000000000000040
Event: 2.652 Thread 0x000001ab1cb3c260 Uncommon trap: reason=unstable_if action=reinterpret pc=0x000001ab2bebb8c0 method=sun.nio.fs.WindowsPathParser.isSlash(C)Z @ 9 c2
Event: 2.652 Thread 0x000001ab1cb3c260 DEOPT PACKING pc=0x000001ab2bebb8c0 sp=0x000000a964bfe200
Event: 2.652 Thread 0x000001ab1cb3c260 DEOPT UNPACKING pc=0x000001ab2b9623a3 sp=0x000000a964bfe198 mode 2
Event: 2.658 Thread 0x000001ab1cb3c260 Uncommon trap: trap_request=0xffffff45 fr.pc=0x000001ab2bf9a6bc relative=0x000000000000027c
Event: 2.658 Thread 0x000001ab1cb3c260 Uncommon trap: reason=unstable_if action=reinterpret pc=0x000001ab2bf9a6bc method=java.util.StringTokenizer.scanToken(I)I @ 42 c2
Event: 2.658 Thread 0x000001ab1cb3c260 DEOPT PACKING pc=0x000001ab2bf9a6bc sp=0x000000a964bfdc70
Event: 2.658 Thread 0x000001ab1cb3c260 DEOPT UNPACKING pc=0x000001ab2b9623a3 sp=0x000000a964bfdc10 mode 2
Event: 2.659 Thread 0x000001ab1cb3c260 Uncommon trap: trap_request=0xffffff45 fr.pc=0x000001ab2bfe2508 relative=0x0000000000000168
Event: 2.659 Thread 0x000001ab1cb3c260 Uncommon trap: reason=unstable_if action=reinterpret pc=0x000001ab2bfe2508 method=java.util.regex.Pattern.lambda$Single$7(II)Z @ 2 c2
Event: 2.659 Thread 0x000001ab1cb3c260 DEOPT PACKING pc=0x000001ab2bfe2508 sp=0x000000a964bfdab0
Event: 2.659 Thread 0x000001ab1cb3c260 DEOPT UNPACKING pc=0x000001ab2b9623a3 sp=0x000000a964bfd988 mode 2
Event: 2.659 Thread 0x000001ab1cb3c260 Uncommon trap: trap_request=0xffffffde fr.pc=0x000001ab2bfe4f0c relative=0x000000000000014c
Event: 2.659 Thread 0x000001ab1cb3c260 Uncommon trap: reason=class_check action=maybe_recompile pc=0x000001ab2bfe4f0c method=java.util.regex.Pattern$BranchConn.match(Ljava/util/regex/Matcher;ILjava/lang/CharSequence;)Z @ 7 c2
Event: 2.659 Thread 0x000001ab1cb3c260 DEOPT PACKING pc=0x000001ab2bfe4f0c sp=0x000000a964bfda00
Event: 2.659 Thread 0x000001ab1cb3c260 DEOPT UNPACKING pc=0x000001ab2b9623a3 sp=0x000000a964bfd9c8 mode 2
Event: 2.685 Thread 0x000001ab1cb3c260 DEOPT PACKING pc=0x000001ab24428ed6 sp=0x000000a964bfe2e0
Event: 2.685 Thread 0x000001ab1cb3c260 DEOPT UNPACKING pc=0x000001ab2b962b43 sp=0x000000a964bfd810 mode 0

Classes unloaded (0 events):
No events

Classes redefined (0 events):
No events

Internal exceptions (20 events):
Event: 1.455 Thread 0x000001ab1cb3c260 Exception <a 'java/lang/NoSuchMethodError'{0x000000075486b3f0}: 'java.lang.Object java.lang.invoke.DirectMethodHandle$Holder.newInvokeSpecial(java.lang.Object, java.lang.Object, long)'> (0x000000075486b3f0) 
thrown [s\open\src\hotspot\share\interpreter\linkResolver.cpp, line 759]
Event: 1.456 Thread 0x000001ab1cb3c260 Exception <a 'java/lang/NoSuchMethodError'{0x000000075486f450}: 'java.lang.Object java.lang.invoke.Invokers$Holder.linkToTargetMethod(java.lang.Object, long, java.lang.Object)'> (0x000000075486f450) 
thrown [s\open\src\hotspot\share\interpreter\linkResolver.cpp, line 759]
Event: 1.469 Thread 0x000001ab1cb3c260 Exception <a 'java/lang/NoSuchMethodError'{0x00000007548d1f40}: 'void java.lang.invoke.DirectMethodHandle$Holder.invokeSpecial(java.lang.Object, java.lang.Object, java.lang.Object, java.lang.Object, java.lang.Object)'> (0x00000007548d1f40) 
thrown [s\open\src\hotspot\share\interpreter\linkResolver.cpp, line 759]
Event: 1.469 Thread 0x000001ab1cb3c260 Exception <a 'java/lang/NoSuchMethodError'{0x00000007548da4d0}: 'void java.lang.invoke.DirectMethodHandle$Holder.invokeVirtual(java.lang.Object, java.lang.Object, java.lang.Object, java.lang.Object)'> (0x00000007548da4d0) 
thrown [s\open\src\hotspot\share\interpreter\linkResolver.cpp, line 759]
Event: 1.535 Thread 0x000001ab1cb3c260 Exception <a 'java/lang/NoSuchMethodError'{0x00000007544417c8}: 'void java.lang.invoke.DirectMethodHandle$Holder.invokeStatic(java.lang.Object, java.lang.Object, int)'> (0x00000007544417c8) 
thrown [s\open\src\hotspot\share\interpreter\linkResolver.cpp, line 759]
Event: 1.911 Thread 0x000001ab1cb3c260 Implicit null exception at 0x000001ab2bf8d5b4 to 0x000001ab2bf8d646
Event: 2.194 Thread 0x000001ab047796c0 Exception <a 'java/lang/NoSuchMethodError'{0x0000000752af2a58}: 'long java.lang.invoke.DirectMethodHandle$Holder.invokeSpecial(java.lang.Object, java.lang.Object)'> (0x0000000752af2a58) 
thrown [s\open\src\hotspot\share\interpreter\linkResolver.cpp, line 759]
Event: 2.196 Thread 0x000001ab047796c0 Exception <a 'java/lang/NoSuchMethodError'{0x0000000752be7298}: 'long java.lang.invoke.DirectMethodHandle$Holder.invokeStatic(java.lang.Object, java.lang.Object)'> (0x0000000752be7298) 
thrown [s\open\src\hotspot\share\interpreter\linkResolver.cpp, line 759]
Event: 2.197 Thread 0x000001ab047796c0 Exception <a 'java/lang/NoSuchMethodError'{0x0000000752bea898}: 'long java.lang.invoke.DirectMethodHandle$Holder.invokeStaticInit(java.lang.Object, java.lang.Object)'> (0x0000000752bea898) 
thrown [s\open\src\hotspot\share\interpreter\linkResolver.cpp, line 759]
Event: 2.199 Thread 0x000001ab047796c0 Exception <a 'java/lang/NoSuchMethodError'{0x0000000752bf8440}: 'long java.lang.invoke.DirectMethodHandle$Holder.invokeInterface(java.lang.Object, java.lang.Object)'> (0x0000000752bf8440) 
thrown [s\open\src\hotspot\share\interpreter\linkResolver.cpp, line 759]
Event: 2.200 Thread 0x000001ab047796c0 Exception <a 'java/lang/IncompatibleClassChangeError'{0x0000000752bfb9d0}: Found class java.lang.Object, but interface was expected> (0x0000000752bfb9d0) 
thrown [s\open\src\hotspot\share\interpreter\linkResolver.cpp, line 826]
Event: 2.213 Thread 0x000001ab047796c0 Exception <a 'java/lang/NoSuchMethodError'{0x000000075287bcf0}: 'java.lang.Object java.lang.invoke.DirectMethodHandle$Holder.invokeVirtual(java.lang.Object, java.lang.Object, java.lang.Object, java.lang.Object)'> (0x000000075287bcf0) 
thrown [s\open\src\hotspot\share\interpreter\linkResolver.cpp, line 759]
Event: 2.220 Thread 0x000001ab1cb3c260 Exception <a 'java/lang/NoSuchMethodError'{0x00000007528d2ce0}: 'java.lang.Object java.lang.invoke.DirectMethodHandle$Holder.newInvokeSpecial(java.lang.Object, java.lang.Object, int, java.lang.Object, java.lang.Object)'> (0x00000007528d2ce0) 
thrown [s\open\src\hotspot\share\interpreter\linkResolver.cpp, line 759]
Event: 2.223 Thread 0x000001ab1cb3c260 Exception <a 'java/lang/NoSuchMethodError'{0x00000007528e8050}: 'java.lang.Object java.lang.invoke.DirectMethodHandle$Holder.newInvokeSpecial(java.lang.Object, java.lang.Object, java.lang.Object, int)'> (0x00000007528e8050) 
thrown [s\open\src\hotspot\share\interpreter\linkResolver.cpp, line 759]
Event: 2.224 Thread 0x000001ab1cb3c260 Exception <a 'java/lang/NoSuchMethodError'{0x00000007528ec338}: 'java.lang.Object java.lang.invoke.DirectMethodHandle$Holder.invokeSpecial(java.lang.Object, java.lang.Object, java.lang.Object, java.lang.Object, int)'> (0x00000007528ec338) 
thrown [s\open\src\hotspot\share\interpreter\linkResolver.cpp, line 759]
Event: 2.224 Thread 0x000001ab1cb3c260 Exception <a 'java/lang/NoSuchMethodError'{0x00000007528eff00}: 'java.lang.Object java.lang.invoke.Invokers$Holder.linkToTargetMethod(java.lang.Object, java.lang.Object, int, java.lang.Object)'> (0x00000007528eff00) 
thrown [s\open\src\hotspot\share\interpreter\linkResolver.cpp, line 759]
Event: 2.225 Thread 0x000001ab1cb3c260 Exception <a 'java/lang/NoSuchMethodError'{0x00000007528f78b0}: 'void java.lang.invoke.DirectMethodHandle$Holder.invokeVirtual(java.lang.Object, java.lang.Object)'> (0x00000007528f78b0) 
thrown [s\open\src\hotspot\share\interpreter\linkResolver.cpp, line 759]
Event: 2.233 Thread 0x000001ab1cb3c260 Exception <a 'java/lang/NoSuchMethodError'{0x0000000752926c00}: 'int java.lang.invoke.DirectMethodHandle$Holder.invokeSpecial(java.lang.Object, java.lang.Object, java.lang.Object, java.lang.Object, java.lang.Object)'> (0x0000000752926c00) 
thrown [s\open\src\hotspot\share\interpreter\linkResolver.cpp, line 759]
Event: 2.542 Thread 0x000001ab1cb3c260 Exception <a 'java/lang/IncompatibleClassChangeError'{0x00000007553fbee8}: Found class java.lang.Object, but interface was expected> (0x00000007553fbee8) 
thrown [s\open\src\hotspot\share\interpreter\linkResolver.cpp, line 826]
Event: 2.653 Thread 0x000001ab1cb3c260 Exception <a 'sun/nio/fs/WindowsException'{0x0000000754e54640}> (0x0000000754e54640) 
thrown [s\open\src\hotspot\share\prims\jni.cpp, line 516]

VM Operations (20 events):
Event: 2.130 Executing VM operation: HandshakeAllThreads
Event: 2.130 Executing VM operation: HandshakeAllThreads done
Event: 2.146 Executing VM operation: HandshakeAllThreads
Event: 2.146 Executing VM operation: HandshakeAllThreads done
Event: 2.147 Executing VM operation: HandshakeAllThreads
Event: 2.147 Executing VM operation: HandshakeAllThreads done
Event: 2.234 Executing VM operation: G1CollectForAllocation
Event: 2.240 Executing VM operation: G1CollectForAllocation done
Event: 2.280 Executing VM operation: HandshakeAllThreads
Event: 2.280 Executing VM operation: HandshakeAllThreads done
Event: 2.299 Executing VM operation: HandshakeAllThreads
Event: 2.299 Executing VM operation: HandshakeAllThreads done
Event: 2.351 Executing VM operation: HandshakeAllThreads
Event: 2.351 Executing VM operation: HandshakeAllThreads done
Event: 2.548 Executing VM operation: HandshakeAllThreads
Event: 2.548 Executing VM operation: HandshakeAllThreads done
Event: 2.564 Executing VM operation: HandshakeAllThreads
Event: 2.564 Executing VM operation: HandshakeAllThreads done
Event: 2.635 Executing VM operation: ICBufferFull
Event: 2.636 Executing VM operation: ICBufferFull done

Events (20 events):
Event: 2.655 loading class java/nio/file/DirectoryStream$Filter done
Event: 2.655 loading class java/nio/file/Files$AcceptAllFilter done
Event: 2.655 loading class java/nio/file/FileTreeWalker$DirectoryNode
Event: 2.655 loading class java/nio/file/FileTreeWalker$DirectoryNode done
Event: 2.655 loading class sun/nio/fs/WindowsDirectoryStream$WindowsDirectoryIterator
Event: 2.655 loading class sun/nio/fs/WindowsDirectoryStream$WindowsDirectoryIterator done
Event: 2.655 loading class java/nio/file/FileTreeWalker$Event
Event: 2.656 loading class java/nio/file/FileTreeWalker$Event done
Event: 2.656 loading class java/nio/file/FileTreeWalker$EventType
Event: 2.656 loading class java/nio/file/FileTreeWalker$EventType done
Event: 2.657 loading class sun/nio/fs/WindowsPath$WindowsPathWithAttributes
Event: 2.657 loading class sun/nio/fs/BasicFileAttributesHolder
Event: 2.657 loading class sun/nio/fs/BasicFileAttributesHolder done
Event: 2.657 loading class sun/nio/fs/WindowsPath$WindowsPathWithAttributes done
Event: 2.658 loading class java/util/regex/Pattern$LazyLoop
Event: 2.659 loading class java/util/regex/Pattern$Loop
Event: 2.659 loading class java/util/regex/Pattern$Loop done
Event: 2.659 loading class java/util/regex/Pattern$LazyLoop done
Event: 2.659 loading class java/util/regex/Pattern$Prolog
Event: 2.659 loading class java/util/regex/Pattern$Prolog done


Dynamic libraries:
0x00007ff74f730000 - 0x00007ff74f740000 	C:\Program Files\Java\jdk-17\bin\java.exe
0x00007ff9b81f0000 - 0x00007ff9b8407000 	C:\Windows\SYSTEM32\ntdll.dll
0x00007ff9b6b30000 - 0x00007ff9b6bf4000 	C:\Windows\System32\KERNEL32.DLL
0x00007ff9b5ab0000 - 0x00007ff9b5e5d000 	C:\Windows\System32\KERNELBASE.dll
0x00007ff9b5990000 - 0x00007ff9b5aa1000 	C:\Windows\System32\ucrtbase.dll
0x00007ff9b0c00000 - 0x00007ff9b0c1b000 	C:\Program Files\Java\jdk-17\bin\VCRUNTIME140.dll
0x00007ff9abce0000 - 0x00007ff9abcf9000 	C:\Program Files\Java\jdk-17\bin\jli.dll
0x00007ff9b80f0000 - 0x00007ff9b81a2000 	C:\Windows\System32\ADVAPI32.dll
0x00007ff9b6c60000 - 0x00007ff9b6d07000 	C:\Windows\System32\msvcrt.dll
0x00007ff9b5f30000 - 0x00007ff9b5fd9000 	C:\Windows\System32\sechost.dll
0x00007ff9b5f00000 - 0x00007ff9b5f28000 	C:\Windows\System32\bcrypt.dll
0x00007ff9b7a60000 - 0x00007ff9b7b74000 	C:\Windows\System32\RPCRT4.dll
0x00007ff9b6880000 - 0x00007ff9b6a2e000 	C:\Windows\System32\USER32.dll
0x00007ff9b5ed0000 - 0x00007ff9b5ef6000 	C:\Windows\System32\win32u.dll
0x00007ff995d50000 - 0x00007ff995fe3000 	C:\Windows\WinSxS\amd64_microsoft.windows.common-controls_6595b64144ccf1df_6.0.22621.3672_none_2713b9d173822955\COMCTL32.dll
0x00007ff9b7b80000 - 0x00007ff9b7ba9000 	C:\Windows\System32\GDI32.dll
0x00007ff9b55e0000 - 0x00007ff9b56f9000 	C:\Windows\System32\gdi32full.dll
0x00007ff9b5700000 - 0x00007ff9b579a000 	C:\Windows\System32\msvcp_win.dll
0x00007ff9adb50000 - 0x00007ff9adb5a000 	C:\Windows\SYSTEM32\VERSION.dll
0x00007ff9b6aa0000 - 0x00007ff9b6ad1000 	C:\Windows\System32\IMM32.DLL
0x00007ff9ad490000 - 0x00007ff9ad49c000 	C:\Program Files\Java\jdk-17\bin\vcruntime140_1.dll
0x00007ff9878f0000 - 0x00007ff98797e000 	C:\Program Files\Java\jdk-17\bin\msvcp140.dll
0x00007ff905080000 - 0x00007ff905c60000 	C:\Program Files\Java\jdk-17\bin\server\jvm.dll
0x00007ff9b6870000 - 0x00007ff9b6878000 	C:\Windows\System32\PSAPI.DLL
0x00007ff9abde0000 - 0x00007ff9abe14000 	C:\Windows\SYSTEM32\WINMM.dll
0x00007ff9a4aa0000 - 0x00007ff9a4aa9000 	C:\Windows\SYSTEM32\WSOCK32.dll
0x00007ff9b7950000 - 0x00007ff9b79c1000 	C:\Windows\System32\WS2_32.dll
0x00007ff9b4550000 - 0x00007ff9b4568000 	C:\Windows\SYSTEM32\kernel.appcore.dll
0x00007ff9abeb0000 - 0x00007ff9abeba000 	C:\Program Files\Java\jdk-17\bin\jimage.dll
0x00007ff9ab3b0000 - 0x00007ff9ab5e2000 	C:\Windows\SYSTEM32\DBGHELP.DLL
0x00007ff9b7bb0000 - 0x00007ff9b7f38000 	C:\Windows\System32\combase.dll
0x00007ff9b6770000 - 0x00007ff9b6847000 	C:\Windows\System32\OLEAUT32.dll
0x00007ff99e8a0000 - 0x00007ff99e8d2000 	C:\Windows\SYSTEM32\dbgcore.DLL
0x00007ff9b57a0000 - 0x00007ff9b581b000 	C:\Windows\System32\bcryptPrimitives.dll
0x00007ff97a320000 - 0x00007ff97a35b000 	C:\Program Files\Java\jdk-17\bin\jdwp.dll
0x00007ff9a4d00000 - 0x00007ff9a4d25000 	C:\Program Files\Java\jdk-17\bin\java.dll
0x00007ff987810000 - 0x00007ff9878e7000 	C:\Program Files\Java\jdk-17\bin\jsvml.dll
0x00007ff9b70f0000 - 0x00007ff9b794f000 	C:\Windows\System32\SHELL32.dll
0x00007ff9b3470000 - 0x00007ff9b3d6c000 	C:\Windows\SYSTEM32\windows.storage.dll
0x00007ff9b3330000 - 0x00007ff9b346f000 	C:\Windows\SYSTEM32\wintypes.dll
0x00007ff9b6f70000 - 0x00007ff9b7064000 	C:\Windows\System32\SHCORE.dll
0x00007ff9b6a30000 - 0x00007ff9b6a8e000 	C:\Windows\System32\shlwapi.dll
0x00007ff9b5450000 - 0x00007ff9b5471000 	C:\Windows\SYSTEM32\profapi.dll
0x00007ff98d7c0000 - 0x00007ff98d7cc000 	C:\Program Files\Java\jdk-17\bin\dt_socket.dll
0x00007ff9b3fd0000 - 0x00007ff9b3ffd000 	C:\Windows\SYSTEM32\IPHLPAPI.DLL
0x00007ff9b49c0000 - 0x00007ff9b4a29000 	C:\Windows\system32\mswsock.dll
0x00007ff9b4040000 - 0x00007ff9b4138000 	C:\Windows\SYSTEM32\DNSAPI.dll
0x00007ff9b6740000 - 0x00007ff9b6749000 	C:\Windows\System32\NSI.dll
0x00007ff9adb40000 - 0x00007ff9adb4a000 	C:\Windows\System32\rasadhlp.dll
0x00007ff9ab930000 - 0x00007ff9ab9b3000 	C:\Windows\System32\fwpuclnt.dll
0x00007ff98b210000 - 0x00007ff98b229000 	C:\Program Files\Java\jdk-17\bin\net.dll
0x00007ff9adc20000 - 0x00007ff9add56000 	C:\Windows\SYSTEM32\WINHTTP.dll
0x00007ff98b1f0000 - 0x00007ff98b206000 	C:\Program Files\Java\jdk-17\bin\nio.dll
0x00007ff9a4ce0000 - 0x00007ff9a4cf8000 	C:\Program Files\Java\jdk-17\bin\zip.dll
0x00007ff9adb90000 - 0x00007ff9adba9000 	C:\Windows\SYSTEM32\dhcpcsvc6.DLL
0x00007ff9adb70000 - 0x00007ff9adb8f000 	C:\Windows\SYSTEM32\dhcpcsvc.DLL
0x00007ff98df60000 - 0x00007ff98df6e000 	C:\Program Files\Java\jdk-17\bin\sunmscapi.dll
0x00007ff9b5820000 - 0x00007ff9b5987000 	C:\Windows\System32\CRYPT32.dll
0x00007ff9b4e50000 - 0x00007ff9b4e7e000 	C:\Windows\SYSTEM32\ncrypt.dll
0x00007ff9b4e10000 - 0x00007ff9b4e47000 	C:\Windows\SYSTEM32\NTASN1.dll

dbghelp: loaded successfully - version: 4.0.5 - missing functions: none
symbol engine: initialized successfully - sym options: 0x614 - pdb path: .;C:\Program Files\Java\jdk-17\bin;C:\Windows\SYSTEM32;C:\Windows\WinSxS\amd64_microsoft.windows.common-controls_6595b64144ccf1df_6.0.22621.3672_none_2713b9d173822955;C:\Program Files\Java\jdk-17\bin\server

VM Arguments:
jvm_args: -agentlib:jdwp=transport=dt_socket,server=n,suspend=y,address=localhost:54539 -XX:+ShowCodeDetailsInExceptionMessages 
java_command: com.allsimple.config.ConfigApplication
java_class_path (initial): D:\[Project]\AllSimple\Back_config\build\resources\main;D:\[Project]\AllSimple\Back_config\build\classes\java\main;C:\Users\yhb13\.gradle\caches\modules-2\files-2.1\org.springframework.cloud\spring-cloud-starter-loadbalancer\4.1.4\f0fb6af4e68b4e4bb1fed47ea0d833369fb9c73c\spring-cloud-starter-loadbalancer-4.1.4.jar;C:\Users\yhb13\.gradle\caches\modules-2\files-2.1\org.eclipse.jgit\org.eclipse.jgit\6.6.1.202309021850-r\4144dfe73e0ae5751f64972d84b6100a53c05ee\org.eclipse.jgit-6.6.1.202309021850-r.jar;C:\Users\yhb13\.gradle\caches\modules-2\files-2.1\org.springframework.boot\spring-boot-starter-web\3.2.8\8dd35c1f7c7bbffc391f68b9e27ea77ad4d8c0c6\spring-boot-starter-web-3.2.8.jar;C:\Users\yhb13\.gradle\caches\modules-2\files-2.1\org.apache.tomcat.embed\tomcat-embed-el\10.1.26\5a5cbcb3e51fcd557b164736e9920a3dd2ac1e33\tomcat-embed-el-10.1.26.jar;C:\Users\yhb13\.gradle\caches\modules-2\files-2.1\joda-time\joda-time\2.3\56498efd17752898cfcc3868c1b6211a07b12b8f\joda-time-2.3.jar;C:\Users\yhb13\.gradle\caches\modules-2\files-2.1\org.springframework.boot\spring-boot-actuator-autoconfigure\3.2.8\ba4510adfffe2f0af5d5e0a029b30ff7ad612f0f\spring-boot-actuator-autoconfigure-3.2.8.jar;C:\Users\yhb13\.gradle\caches\modules-2\files-2.1\org.reactivestreams\reactive-streams\1.0.4\3864a1320d97d7b045f729a326e1e077661f31b7\reactive-streams-1.0.4.jar;C:\Users\yhb13\.gradle\caches\modules-2\files-2.1\org.springframework\spring-jcl\6.1.11\97b34c6b72c8084759e71cd09a7dad16bfb8f1da\spring-jcl-6.1.11.jar;C:\Users\yhb13\.gradle\caches\modules-2\files-2.1\org.codehaus.jettison\jettison\1.5.4\174ca56c411b05aec323d8f53e66709c0d28b337\jettison-1.5.4.jar;C:\Users\yhb13\.gradle\caches\modules-2\files-2.1\org.springframework.cloud\spring-cloud-starter-bootstrap\4.1.4\a5ff8ac0969bf25b7b36df9b91881a632ada41cb\spring-cloud-starter-bootstrap-4.1.4.jar;C:\Users\yhb13\.gradle\caches\modules-2\files-2.1\org.springframework.cloud\spring-cloud-commons\4.1.4\17a5acd971f66a9fc0f1f82d977b2
Launcher Type: SUN_STANDARD

[Global flags]
     intx CICompilerCount                          = 4                                         {product} {ergonomic}
     uint ConcGCThreads                            = 3                                         {product} {ergonomic}
     uint G1ConcRefinementThreads                  = 10                                        {product} {ergonomic}
   size_t G1HeapRegionSize                         = 2097152                                   {product} {ergonomic}
    uintx GCDrainStackTargetSize                   = 64                                        {product} {ergonomic}
   size_t InitialHeapSize                          = 190840832                                 {product} {ergonomic}
   size_t MarkStackSize                            = 4194304                                   {product} {ergonomic}
   size_t MaxHeapSize                              = 3049259008                                {product} {ergonomic}
   size_t MaxNewSize                               = 1828716544                                {product} {ergonomic}
   size_t MinHeapDeltaBytes                        = 2097152                                   {product} {ergonomic}
   size_t MinHeapSize                              = 8388608                                   {product} {ergonomic}
    uintx NonNMethodCodeHeapSize                   = 5839372                                {pd product} {ergonomic}
    uintx NonProfiledCodeHeapSize                  = 122909434                              {pd product} {ergonomic}
    uintx ProfiledCodeHeapSize                     = 122909434                              {pd product} {ergonomic}
    uintx ReservedCodeCacheSize                    = 251658240                              {pd product} {ergonomic}
     bool SegmentedCodeCache                       = true                                      {product} {ergonomic}
     bool ShowCodeDetailsInExceptionMessages       = true                                   {manageable} {command line}
   size_t SoftMaxHeapSize                          = 3049259008                             {manageable} {ergonomic}
     bool UseCompressedClassPointers               = true                           {product lp64_product} {ergonomic}
     bool UseCompressedOops                        = true                           {product lp64_product} {ergonomic}
     bool UseG1GC                                  = true                                      {product} {ergonomic}
     bool UseLargePagesIndividualAllocation        = false                                  {pd product} {ergonomic}

Logging:
Log output configuration:
 #0: stdout all=warning uptime,level,tags
 #1: stderr all=off uptime,level,tags

Environment Variables:
JAVA_HOME=C:\Program Files\Java\jdk-17
CLASSPATH=C:\Program Files\Java\jdk-17\bin
PATH=C:\Program Files\Common Files\Oracle\Java\javapath;C:\Windows\system32;C:\Windows;C:\Windows\System32\Wbem;C:\Windows\System32\WindowsPowerShell\v1.0\;C:\Windows\System32\OpenSSH\;C:\Program Files\dotnet\;C:\Program Files\Bandizip\;C:\Program Files\nodejs\;C:\Program Files\Git\cmd;C:\Program Files\Java\jdk-17\bin;C:\Users\yhb13\AppData\Local\Programs\Python\Python312\Scripts\;C:\Users\yhb13\AppData\Local\Programs\Python\Python312\;C:\Users\yhb13\AppData\Local\Microsoft\WindowsApps;C:\Users\yhb13\AppData\Roaming\npm;C:\Users\yhb13\AppData\Local\Programs\Microsoft VS Code\bin
USERNAME=yhb
LANG=en_US.UTF-8
OS=Windows_NT
PROCESSOR_IDENTIFIER=AMD64 Family 23 Model 104 Stepping 1, AuthenticAMD



---------------  S Y S T E M  ---------------

OS:
 Windows 11 , 64 bit Build 22621 (10.0.22621.3672)
OS uptime: 8 days 1:03 hours

CPU: total 12 (initial active 12) (12 cores per cpu, 2 threads per core) family 23 model 104 stepping 1 microcode 0x0, cx8, cmov, fxsr, ht, mmx, 3dnowpref, sse, sse2, sse3, ssse3, sse4a, sse4.1, sse4.2, popcnt, lzcnt, tsc, tscinvbit, avx, avx2, aes, clmul, bmi1, bmi2, adx, sha, fma, vzeroupper, clflush, clflushopt

Memory: 4k page, system-wide physical 11628M (576M free)
TotalPageFile size 31837M (AvailPageFile size 5M)
current process WorkingSet (physical memory assigned to process): 184M, peak: 189M
current process commit charge ("private bytes"): 359M, peak: 362M

vm_info: Java HotSpot(TM) 64-Bit Server VM (17.0.12+8-LTS-286) for windows-amd64 JRE (17.0.12+8-LTS-286), built on Jun  5 2024 06:46:59 by "mach5one" with MS VC++ 17.6 (VS2022)

END.
