#
# There is insufficient memory for the Java Runtime Environment to continue.
# Native memory allocation (mmap) failed to map 190840832 bytes for G1 virtual space
# Possible reasons:
#   The system is out of physical RAM or swap space
#   The process is running with CompressedOops enabled, and the Java Heap may be blocking the growth of the native heap
# Possible solutions:
#   Reduce memory load on the system
#   Increase physical memory or swap space
#   Check if swap backing store is full
#   Decrease Java heap size (-Xmx/-Xms)
#   Decrease number of Java threads
#   Decrease Java thread stack sizes (-Xss)
#   Set larger code cache with -XX:ReservedCodeCacheSize=
#   JVM is running with Zero Based Compressed Oops mode in which the Java heap is
#     placed in the first 32GB address space. The Java Heap base address is the
#     maximum limit for the native heap growth. Please use -XX:HeapBaseMinAddress
#     to set the Java Heap base and to place the Java Heap above 32GB virtual address.
# This output file may be truncated or incomplete.
#
#  Out of Memory Error (os_windows.cpp:3548), pid=29444, tid=17660
#
# JRE version:  (17.0.12+8) (build )
# Java VM: Java HotSpot(TM) 64-Bit Server VM (17.0.12+8-LTS-286, mixed mode, sharing, tiered, compressed oops, compressed class ptrs, g1 gc, windows-amd64)
# No core dump will be written. Minidumps are not enabled by default on client versions of Windows
#

---------------  S U M M A R Y ------------

Command Line: -agentlib:jdwp=transport=dt_socket,server=n,suspend=y,address=localhost:55348 -XX:+ShowCodeDetailsInExceptionMessages com.allsimple.config.ConfigApplication

Host: AMD Ryzen 5 5500U with Radeon Graphics         , 12 cores, 11G,  Windows 11 , 64 bit Build 22621 (10.0.22621.3672)
Time: Fri Aug  9 03:48:26 2024  Windows 11 , 64 bit Build 22621 (10.0.22621.3672) elapsed time: 0.012378 seconds (0d 0h 0m 0s)

---------------  T H R E A D  ---------------

Current thread (0x0000021fe74eea90):  JavaThread "Unknown thread" [_thread_in_vm, id=17660, stack(0x000000975c000000,0x000000975c100000)]

Stack: [0x000000975c000000,0x000000975c100000]
Native frames: (J=compiled Java code, j=interpreted, Vv=VM code, C=native code)
V  [jvm.dll+0x67a04a]
V  [jvm.dll+0x7da4ed]
V  [jvm.dll+0x7dbe33]
V  [jvm.dll+0x7dc4a3]
V  [jvm.dll+0x24508f]
V  [jvm.dll+0x677089]
V  [jvm.dll+0x66bd32]
V  [jvm.dll+0x301fa6]
V  [jvm.dll+0x309546]
V  [jvm.dll+0x359d2e]
V  [jvm.dll+0x359f5f]
V  [jvm.dll+0x2d9078]
V  [jvm.dll+0x2d9fe4]
V  [jvm.dll+0x7aca21]
V  [jvm.dll+0x367591]
V  [jvm.dll+0x78b999]
V  [jvm.dll+0x3ec83f]
V  [jvm.dll+0x3ee471]
C  [jli.dll+0x5297]
C  [ucrtbase.dll+0x29333]
C  [KERNEL32.DLL+0x1257d]
C  [ntdll.dll+0x5af28]


---------------  P R O C E S S  ---------------

Threads class SMR info:
_java_thread_list=0x00007ff905b37a18, length=0, elements={
}

Java Threads: ( => current thread )

Other Threads:
  0x0000021fe7741f80 GCTaskThread "GC Thread#0" [stack: 0x000000975c100000,0x000000975c200000] [id=15420]
  0x0000021fe77504b0 ConcurrentGCThread "G1 Main Marker" [stack: 0x000000975c200000,0x000000975c300000] [id=800]
  0x0000021fe7750ec0 ConcurrentGCThread "G1 Conc#0" [stack: 0x000000975c300000,0x000000975c400000] [id=25248]

[error occurred during error reporting (printing all threads), id 0xc0000005, EXCEPTION_ACCESS_VIOLATION (0xc0000005) at pc=0x00007ff905369b67]

VM state: not at safepoint (not fully initialized)

VM Mutex/Monitor currently owned by a thread:  ([mutex/lock_event])
[0x0000021fe74edb90] Heap_lock - owner thread: 0x0000021fe74eea90

Heap address: 0x000000074a400000, size: 2908 MB, Compressed Oops mode: Zero based, Oop shift amount: 3

CDS archive(s) mapped at: [0x0000000000000000-0x0000000000000000-0x0000000000000000), size 0, SharedBaseAddress: 0x0000000800000000, ArchiveRelocationMode: 1.
Narrow klass base: 0x0000000000000000, Narrow klass shift: 0, Narrow klass range: 0x0

GC Precious Log:
<Empty>

Heap:
 garbage-first heap   total 0K, used 0K [0x000000074a400000, 0x0000000800000000)
  region size 2048K, 0 young (0K), 0 survivors (0K)

[error occurred during error reporting (printing heap information), id 0xc0000005, EXCEPTION_ACCESS_VIOLATION (0xc0000005) at pc=0x00007ff905753859]

GC Heap History (0 events):
No events

Deoptimization events (0 events):
No events

Classes unloaded (0 events):
No events

Classes redefined (0 events):
No events

Internal exceptions (0 events):
No events

VM Operations (0 events):
No events

Events (1 events):
Event: 0.008 Loaded shared library C:\Program Files\Java\jdk-17\bin\java.dll


Dynamic libraries:
0x00007ff74f730000 - 0x00007ff74f740000 	C:\Program Files\Java\jdk-17\bin\java.exe
0x00007ff9b81f0000 - 0x00007ff9b8407000 	C:\Windows\SYSTEM32\ntdll.dll
0x00007ff9b6b30000 - 0x00007ff9b6bf4000 	C:\Windows\System32\KERNEL32.DLL
0x00007ff9b5ab0000 - 0x00007ff9b5e5d000 	C:\Windows\System32\KERNELBASE.dll
0x00007ff9b5990000 - 0x00007ff9b5aa1000 	C:\Windows\System32\ucrtbase.dll
0x00007ff9abce0000 - 0x00007ff9abcf9000 	C:\Program Files\Java\jdk-17\bin\jli.dll
0x00007ff9b80f0000 - 0x00007ff9b81a2000 	C:\Windows\System32\ADVAPI32.dll
0x00007ff9b0c00000 - 0x00007ff9b0c1b000 	C:\Program Files\Java\jdk-17\bin\VCRUNTIME140.dll
0x00007ff9b6c60000 - 0x00007ff9b6d07000 	C:\Windows\System32\msvcrt.dll
0x00007ff9b5f30000 - 0x00007ff9b5fd9000 	C:\Windows\System32\sechost.dll
0x00007ff9b5f00000 - 0x00007ff9b5f28000 	C:\Windows\System32\bcrypt.dll
0x00007ff9b7a60000 - 0x00007ff9b7b74000 	C:\Windows\System32\RPCRT4.dll
0x00007ff9b6880000 - 0x00007ff9b6a2e000 	C:\Windows\System32\USER32.dll
0x00007ff9b5ed0000 - 0x00007ff9b5ef6000 	C:\Windows\System32\win32u.dll
0x00007ff9b7b80000 - 0x00007ff9b7ba9000 	C:\Windows\System32\GDI32.dll
0x00007ff9b55e0000 - 0x00007ff9b56f9000 	C:\Windows\System32\gdi32full.dll
0x00007ff9b5700000 - 0x00007ff9b579a000 	C:\Windows\System32\msvcp_win.dll
0x00007ff995d50000 - 0x00007ff995fe3000 	C:\Windows\WinSxS\amd64_microsoft.windows.common-controls_6595b64144ccf1df_6.0.22621.3672_none_2713b9d173822955\COMCTL32.dll
0x00007ff9adb50000 - 0x00007ff9adb5a000 	C:\Windows\SYSTEM32\VERSION.dll
0x00007ff9b6aa0000 - 0x00007ff9b6ad1000 	C:\Windows\System32\IMM32.DLL
0x00007ff9ad490000 - 0x00007ff9ad49c000 	C:\Program Files\Java\jdk-17\bin\vcruntime140_1.dll
0x00007ff9878f0000 - 0x00007ff98797e000 	C:\Program Files\Java\jdk-17\bin\msvcp140.dll
0x00007ff905080000 - 0x00007ff905c60000 	C:\Program Files\Java\jdk-17\bin\server\jvm.dll
0x00007ff9b6870000 - 0x00007ff9b6878000 	C:\Windows\System32\PSAPI.DLL
0x00007ff9abde0000 - 0x00007ff9abe14000 	C:\Windows\SYSTEM32\WINMM.dll
0x00007ff9a4aa0000 - 0x00007ff9a4aa9000 	C:\Windows\SYSTEM32\WSOCK32.dll
0x00007ff9b7950000 - 0x00007ff9b79c1000 	C:\Windows\System32\WS2_32.dll
0x00007ff9b4550000 - 0x00007ff9b4568000 	C:\Windows\SYSTEM32\kernel.appcore.dll
0x00007ff9abeb0000 - 0x00007ff9abeba000 	C:\Program Files\Java\jdk-17\bin\jimage.dll
0x00007ff9ab3b0000 - 0x00007ff9ab5e2000 	C:\Windows\SYSTEM32\DBGHELP.DLL
0x00007ff9b7bb0000 - 0x00007ff9b7f38000 	C:\Windows\System32\combase.dll
0x00007ff9b6770000 - 0x00007ff9b6847000 	C:\Windows\System32\OLEAUT32.dll
0x00007ff99e8a0000 - 0x00007ff99e8d2000 	C:\Windows\SYSTEM32\dbgcore.DLL
0x00007ff9b57a0000 - 0x00007ff9b581b000 	C:\Windows\System32\bcryptPrimitives.dll
0x00007ff98a5c0000 - 0x00007ff98a5fb000 	C:\Program Files\Java\jdk-17\bin\jdwp.dll
0x00007ff9a4d00000 - 0x00007ff9a4d25000 	C:\Program Files\Java\jdk-17\bin\java.dll

dbghelp: loaded successfully - version: 4.0.5 - missing functions: none
symbol engine: initialized successfully - sym options: 0x614 - pdb path: .;C:\Program Files\Java\jdk-17\bin;C:\Windows\SYSTEM32;C:\Windows\WinSxS\amd64_microsoft.windows.common-controls_6595b64144ccf1df_6.0.22621.3672_none_2713b9d173822955;C:\Program Files\Java\jdk-17\bin\server

VM Arguments:
jvm_args: -agentlib:jdwp=transport=dt_socket,server=n,suspend=y,address=localhost:55348 -XX:+ShowCodeDetailsInExceptionMessages 
java_command: com.allsimple.config.ConfigApplication
java_class_path (initial): D:\[Project]\AllSimple\Back_config\build\resources\main;D:\[Project]\AllSimple\Back_config\build\classes\java\main;C:\Users\yhb13\.gradle\caches\modules-2\files-2.1\org.springframework.cloud\spring-cloud-starter-loadbalancer\4.1.4\f0fb6af4e68b4e4bb1fed47ea0d833369fb9c73c\spring-cloud-starter-loadbalancer-4.1.4.jar;C:\Users\yhb13\.gradle\caches\modules-2\files-2.1\org.eclipse.jgit\org.eclipse.jgit\6.6.1.202309021850-r\4144dfe73e0ae5751f64972d84b6100a53c05ee\org.eclipse.jgit-6.6.1.202309021850-r.jar;C:\Users\yhb13\.gradle\caches\modules-2\files-2.1\org.springframework.boot\spring-boot-starter-web\3.2.8\8dd35c1f7c7bbffc391f68b9e27ea77ad4d8c0c6\spring-boot-starter-web-3.2.8.jar;C:\Users\yhb13\.gradle\caches\modules-2\files-2.1\org.apache.tomcat.embed\tomcat-embed-el\10.1.26\5a5cbcb3e51fcd557b164736e9920a3dd2ac1e33\tomcat-embed-el-10.1.26.jar;C:\Users\yhb13\.gradle\caches\modules-2\files-2.1\joda-time\joda-time\2.3\56498efd17752898cfcc3868c1b6211a07b12b8f\joda-time-2.3.jar;C:\Users\yhb13\.gradle\caches\modules-2\files-2.1\org.springframework.boot\spring-boot-actuator-autoconfigure\3.2.8\ba4510adfffe2f0af5d5e0a029b30ff7ad612f0f\spring-boot-actuator-autoconfigure-3.2.8.jar;C:\Users\yhb13\.gradle\caches\modules-2\files-2.1\org.reactivestreams\reactive-streams\1.0.4\3864a1320d97d7b045f729a326e1e077661f31b7\reactive-streams-1.0.4.jar;C:\Users\yhb13\.gradle\caches\modules-2\files-2.1\org.springframework\spring-jcl\6.1.11\97b34c6b72c8084759e71cd09a7dad16bfb8f1da\spring-jcl-6.1.11.jar;C:\Users\yhb13\.gradle\caches\modules-2\files-2.1\org.codehaus.jettison\jettison\1.5.4\174ca56c411b05aec323d8f53e66709c0d28b337\jettison-1.5.4.jar;C:\Users\yhb13\.gradle\caches\modules-2\files-2.1\org.springframework.cloud\spring-cloud-starter-bootstrap\4.1.4\a5ff8ac0969bf25b7b36df9b91881a632ada41cb\spring-cloud-starter-bootstrap-4.1.4.jar;C:\Users\yhb13\.gradle\caches\modules-2\files-2.1\org.springframework.cloud\spring-cloud-commons\4.1.4\17a5acd971f66a9fc0f1f82d977b2
Launcher Type: SUN_STANDARD

[Global flags]
     intx CICompilerCount                          = 4                                         {product} {ergonomic}
     uint ConcGCThreads                            = 3                                         {product} {ergonomic}
     uint G1ConcRefinementThreads                  = 10                                        {product} {ergonomic}
   size_t G1HeapRegionSize                         = 2097152                                   {product} {ergonomic}
    uintx GCDrainStackTargetSize                   = 64                                        {product} {ergonomic}
   size_t InitialHeapSize                          = 190840832                                 {product} {ergonomic}
   size_t MarkStackSize                            = 4194304                                   {product} {ergonomic}
   size_t MaxHeapSize                              = 3049259008                                {product} {ergonomic}
   size_t MinHeapDeltaBytes                        = 2097152                                   {product} {ergonomic}
   size_t MinHeapSize                              = 8388608                                   {product} {ergonomic}
    uintx NonNMethodCodeHeapSize                   = 5839372                                {pd product} {ergonomic}
    uintx NonProfiledCodeHeapSize                  = 122909434                              {pd product} {ergonomic}
    uintx ProfiledCodeHeapSize                     = 122909434                              {pd product} {ergonomic}
    uintx ReservedCodeCacheSize                    = 251658240                              {pd product} {ergonomic}
     bool SegmentedCodeCache                       = true                                      {product} {ergonomic}
     bool ShowCodeDetailsInExceptionMessages       = true                                   {manageable} {command line}
   size_t SoftMaxHeapSize                          = 3049259008                             {manageable} {ergonomic}
     bool UseCompressedClassPointers               = true                           {product lp64_product} {ergonomic}
     bool UseCompressedOops                        = true                           {product lp64_product} {ergonomic}
     bool UseG1GC                                  = true                                      {product} {ergonomic}
     bool UseLargePagesIndividualAllocation        = false                                  {pd product} {ergonomic}

Logging:
Log output configuration:
 #0: stdout all=warning uptime,level,tags
 #1: stderr all=off uptime,level,tags

Environment Variables:
JAVA_HOME=C:\Program Files\Java\jdk-17
CLASSPATH=C:\Program Files\Java\jdk-17\bin
PATH=C:\Program Files\Common Files\Oracle\Java\javapath;C:\Windows\system32;C:\Windows;C:\Windows\System32\Wbem;C:\Windows\System32\WindowsPowerShell\v1.0\;C:\Windows\System32\OpenSSH\;C:\Program Files\dotnet\;C:\Program Files\Bandizip\;C:\Program Files\nodejs\;C:\Program Files\Git\cmd;C:\Program Files\Java\jdk-17\bin;C:\Users\yhb13\AppData\Local\Programs\Python\Python312\Scripts\;C:\Users\yhb13\AppData\Local\Programs\Python\Python312\;C:\Users\yhb13\AppData\Local\Microsoft\WindowsApps;C:\Users\yhb13\AppData\Roaming\npm;C:\Users\yhb13\AppData\Local\Programs\Microsoft VS Code\bin
USERNAME=yhb
LANG=en_US.UTF-8
OS=Windows_NT
PROCESSOR_IDENTIFIER=AMD64 Family 23 Model 104 Stepping 1, AuthenticAMD



---------------  S Y S T E M  ---------------

OS:
 Windows 11 , 64 bit Build 22621 (10.0.22621.3672)
OS uptime: 8 days 1:16 hours

CPU: total 12 (initial active 12) (12 cores per cpu, 2 threads per core) family 23 model 104 stepping 1 microcode 0x0, cx8, cmov, fxsr, ht, mmx, 3dnowpref, sse, sse2, sse3, ssse3, sse4a, sse4.1, sse4.2, popcnt, lzcnt, tsc, tscinvbit, avx, avx2, aes, clmul, bmi1, bmi2, adx, sha, fma, vzeroupper, clflush, clflushopt

Memory: 4k page, system-wide physical 11628M (826M free)
TotalPageFile size 31837M (AvailPageFile size 128M)
current process WorkingSet (physical memory assigned to process): 11M, peak: 11M
current process commit charge ("private bytes"): 64M, peak: 246M

vm_info: Java HotSpot(TM) 64-Bit Server VM (17.0.12+8-LTS-286) for windows-amd64 JRE (17.0.12+8-LTS-286), built on Jun  5 2024 06:46:59 by "mach5one" with MS VC++ 17.6 (VS2022)

END.
